2022-09-06 11:17:01,457 - Satnums_logger - INFO - Ищем данные для апогея = 23600км, перигея = Noneкм, наклонения = None градусов
2022-09-06 11:17:57,832 - Satnums_logger - INFO - Ищем данные для апогея = 23600км, перигея = Noneкм, наклонения = None градусов
2022-09-06 11:18:16,273 - Satnums_logger - INFO - Ищем данные для апогея = 23600км, перигея = Noneкм, наклонения = None градусов
2022-09-06 11:19:19,561 - Satnums_logger - INFO - Ищем данные для апогея = 23600км, перигея = Noneкм, наклонения = None градусов
2022-09-06 11:25:53,144 - Satnums_logger - INFO - Ищем данные для апогея = 23600км, перигея = Noneкм, наклонения = None градусов
2022-09-06 11:26:36,885 - Satnums_logger - INFO - Ищем данные для апогея = 23600км, перигея = Noneкм, наклонения = None градусов
2022-09-06 11:26:57,777 - Satnums_logger - INFO - Ищем данные для апогея = 23600км, перигея = Noneкм, наклонения = None градусов
2022-09-06 11:27:10,095 - Satnums_logger - INFO - Ищем данные для апогея = 23600км, перигея = Noneкм, наклонения = None градусов
2022-09-06 11:27:26,791 - Satnums_logger - INFO - Ищем данные для апогея = 23600км, перигея = Noneкм, наклонения = None градусов
2022-09-06 11:27:46,532 - Satnums_logger - INFO - Ищем данные для апогея = 23600км, перигея = Noneкм, наклонения = None градусов
2022-09-06 11:27:57,602 - Satnums_logger - INFO - Ищем данные для апогея = 23600км, перигея = Noneкм, наклонения = None градусов
2022-09-06 11:28:11,335 - Satnums_logger - INFO - Ищем данные для апогея = 23600км, перигея = Noneкм, наклонения = None градусов
2022-09-06 11:28:27,304 - Satnums_logger - INFO - Ищем данные для апогея = 23600км, перигея = Noneкм, наклонения = None градусов
2022-09-06 11:29:18,580 - Satnums_logger - INFO - Ищем данные для апогея = 23600км, перигея = Noneкм, наклонения = None градусов
2022-09-06 11:33:31,055 - Satnums_logger - INFO - Ищем данные для апогея = 23600км, перигея = Noneкм, наклонения = None градусов
2022-09-06 11:33:42,626 - Satnums_logger - INFO - Ищем данные для апогея = 23600км, перигея = Noneкм, наклонения = None градусов
2022-09-06 11:34:26,791 - Satnums_logger - INFO - Ищем данные для апогея = 23600км, перигея = Noneкм, наклонения = None градусов
2022-09-06 11:34:54,053 - Satnums_logger - INFO - Ищем данные для апогея = 23600км, перигея = Noneкм, наклонения = None градусов
2022-09-06 11:35:12,357 - Satnums_logger - INFO - Ищем данные для апогея = 23600км, перигея = Noneкм, наклонения = None градусов
2022-09-06 11:35:21,159 - Satnums_logger - INFO - Ищем данные для апогея = 23600км, перигея = Noneкм, наклонения = None градусов
2022-09-06 11:44:39,161 - Satnums_logger - INFO - Ищем данные для апогея = 23600км, перигея = Noneкм, наклонения = None градусов
2022-09-06 11:45:03,633 - Satnums_logger - INFO - Ищем данные для апогея = 23600км, перигея = Noneкм, наклонения = None градусов
2022-09-06 11:45:18,083 - Satnums_logger - INFO - Ищем данные для апогея = 23600км, перигея = Noneкм, наклонения = None градусов
2022-09-06 11:45:38,690 - Satnums_logger - INFO - Ищем данные для апогея = 23600км, перигея = Noneкм, наклонения = None градусов
2022-09-06 11:46:01,898 - Satnums_logger - INFO - Ищем данные для апогея = 23600км, перигея = Noneкм, наклонения = None градусов
2022-09-06 11:46:42,528 - Satnums_logger - INFO - Ищем данные для апогея = 23600км, перигея = Noneкм, наклонения = None градусов
2022-09-06 11:47:06,626 - Satnums_logger - INFO - Ищем данные для апогея = 23600км, перигея = Noneкм, наклонения = None градусов
2022-09-06 11:47:16,116 - Satnums_logger - INFO - Ищем данные для апогея = 23600км, перигея = Noneкм, наклонения = None градусов
2022-09-06 11:47:56,028 - Satnums_logger - INFO - Ищем данные для апогея = 23600км, перигея = Noneкм, наклонения = None градусов
2022-09-06 11:48:07,290 - Satnums_logger - INFO - Ищем данные для апогея = 23600км, перигея = Noneкм, наклонения = None градусов
2022-09-06 11:49:18,468 - Satnums_logger - INFO - Ищем данные для апогея = 23600км, перигея = Noneкм, наклонения = None градусов
2022-09-06 11:53:36,725 - Satnums_logger - INFO - Ищем данные для апогея = 23600км, перигея = Noneкм, наклонения = None градусов
2022-09-06 11:53:53,365 - Satnums_logger - INFO - Ищем данные для апогея = 23600км, перигея = Noneкм, наклонения = None градусов
2022-09-06 11:54:10,436 - Satnums_logger - INFO - Ищем данные для апогея = 23600км, перигея = Noneкм, наклонения = None градусов
2022-09-06 11:54:22,927 - Satnums_logger - INFO - Ищем данные для апогея = 23600км, перигея = Noneкм, наклонения = None градусов
2022-09-06 11:54:30,311 - Satnums_logger - INFO - Ищем данные для апогея = 23600км, перигея = Noneкм, наклонения = None градусов
2022-09-06 11:55:00,637 - Satnums_logger - INFO - Ищем данные для апогея = 23600км, перигея = Noneкм, наклонения = None градусов
2022-09-06 11:55:07,540 - Satnums_logger - INFO - Ищем данные для апогея = 23600км, перигея = Noneкм, наклонения = None градусов
2022-09-06 11:55:16,887 - Satnums_logger - INFO - Ищем данные для апогея = 23600км, перигея = Noneкм, наклонения = None градусов
2022-09-06 11:55:30,539 - Satnums_logger - INFO - Ищем данные для апогея = 23600км, перигея = Noneкм, наклонения = None градусов
2022-09-06 11:59:58,140 - Satnums_logger - INFO - Ищем данные для апогея = 23600км, перигея = Noneкм, наклонения = None градусов
2022-09-06 12:00:51,276 - Satnums_logger - INFO - Ищем данные для апогея = 23600км, перигея = Noneкм, наклонения = None градусов
2022-09-06 12:01:50,198 - Satnums_logger - INFO - Ищем данные для апогея = 23600км, перигея = Noneкм, наклонения = None градусов
2022-09-06 12:02:28,592 - Satnums_logger - INFO - Ищем данные для апогея = 23600км, перигея = Noneкм, наклонения = None градусов
2022-09-06 12:12:20,731 - Satnums_logger - INFO - Ищем данные для апогея = 23600км, перигея = Noneкм, наклонения = None градусов
2022-09-06 12:12:20,822 - Satnums_logger - INFO - Данные найдены и выведены в интерфейс
2022-09-13 16:32:04,963 - Satnums_logger - INFO - Ищем данные для диапазона дат:2005-12-12 - 2007-12-12, страна None
2022-09-13 16:33:55,189 - Satnums_logger - INFO - Ищем данные для диапазона дат:2005-12-12 - 2007-12-12, страна None
2022-09-13 16:35:07,553 - Satnums_logger - INFO - Ищем данные для диапазона дат:2005-12-12 - 2007-12-12, страна None
2022-09-13 16:36:04,626 - Satnums_logger - INFO - Ищем данные для диапазона дат:2005-12-12 - 2007-12-12, страна None
2022-09-13 16:37:44,894 - Satnums_logger - INFO - Ищем данные для диапазона дат:2005-12-12 - 2007-12-12, страна None
2022-09-13 16:43:29,878 - Satnums_logger - INFO - Ищем данные для диапазона дат:2005-12-12 - 2007-12-12, страна None
2022-09-13 16:43:52,989 - Satnums_logger - INFO - Ищем данные для диапазона дат:2005-12-12 - 2007-12-12, страна None
2022-09-13 16:43:53,054 - Satnums_logger - INFO - Ничего не найдено =(
2022-09-13 16:44:02,938 - Satnums_logger - INFO - Ищем данные для диапазона дат:2005-12-12 - 2007-12-12, страна None
2022-09-13 16:44:03,003 - Satnums_logger - INFO - Ничего не найдено =(
2022-09-14 11:24:41,479 - Satnums_logger - INFO - Ищем данные для диапазона дат:2005-12-12 - 2007-12-12, страна None
2022-09-14 11:24:41,604 - Satnums_logger - INFO - Ничего не найдено =(
2022-09-14 11:48:03,177 - Satnums_logger - INFO - Ищем данные для диапазона дат:2005-12-12 - 2007-12-12, страна None
2022-09-14 11:50:02,113 - Satnums_logger - INFO - Ищем данные для диапазона дат:2005-12-12 - 2007-12-12, страна None
2022-09-14 11:50:17,945 - Satnums_logger - INFO - Ищем данные для диапазона дат:2005-12-12 - 2007-12-12, страна None
2022-09-14 11:57:44,421 - Satnums_logger - INFO - Ищем данные для диапазона дат:2005-12-12 - 2007-12-12, страна None
2022-09-14 12:02:15,484 - Satnums_logger - INFO - Ищем данные для диапазона дат:2005-12-12 - 2007-12-12, страна None
2022-09-14 12:02:35,760 - Satnums_logger - INFO - Ищем данные для диапазона дат:2005-12-12 - 2007-12-12, страна None
2022-09-14 12:02:52,477 - Satnums_logger - INFO - Ищем данные для диапазона дат:2005-12-12 - 2007-12-12, страна None
2022-09-14 12:21:03,104 - Satnums_logger - INFO - Ищем данные для диапазона дат:2005-12-12 - 2007-12-12, страна None
2022-09-14 12:36:45,645 - Satnums_logger - INFO - Ищем данные для диапазона дат:2005-12-12 - 2007-12-12, страна None
2022-09-14 12:39:33,408 - Satnums_logger - INFO - Ищем данные для диапазона дат:2005-12-12 - 2007-12-12, страна None
2022-09-14 12:59:23,170 - Satnums_logger - INFO - Ищем данные для диапазона дат:2005-12-12 - 2007-12-12, страна None
2022-09-14 12:59:44,854 - Satnums_logger - INFO - Ищем данные для диапазона дат:2005-12-12 - 2007-12-12, страна None
2022-09-14 13:00:07,719 - Satnums_logger - INFO - Ищем данные для диапазона дат:2005-12-12 - 2007-12-12, страна None
2022-09-14 13:02:54,864 - Satnums_logger - INFO - Ищем данные для диапазона дат:2005-12-12 - 2007-12-12, страна None
2022-09-14 13:03:21,434 - Satnums_logger - INFO - Ищем данные для диапазона дат:2005-12-12 - 2007-12-12, страна None
2022-09-14 13:04:18,368 - Satnums_logger - INFO - Ищем данные для диапазона дат:2005-12-12 - 2007-12-12, страна None
2022-09-14 13:04:45,849 - Satnums_logger - INFO - Ищем данные для диапазона дат:2005-12-12 - 2007-12-12, страна None
2022-09-14 13:12:54,033 - Satnums_logger - INFO - Ищем данные для диапазона дат:2005-12-12 - 2007-12-12, страна None
2022-09-14 13:13:03,524 - Satnums_logger - INFO - Данные найдены и выведены в интерфейс
2022-09-14 13:13:31,512 - Satnums_logger - INFO - Ищем данные для диапазона дат:2005-12-12 - 2007-12-12, страна None
2022-09-14 13:13:40,502 - Satnums_logger - INFO - Данные найдены и выведены в интерфейс
2022-09-14 13:13:54,206 - Satnums_logger - INFO - Ищем данные для диапазона дат:2005-12-12 - 2006-12-12, страна None
2022-09-14 13:13:57,112 - Satnums_logger - INFO - Данные найдены и выведены в интерфейс
2022-09-14 13:15:04,847 - Satnums_logger - INFO - Ищем данные для диапазона дат:2005-12-12 - 2006-01-12, страна None
2022-09-14 13:15:05,634 - Satnums_logger - INFO - Данные найдены и выведены в интерфейс
2022-09-14 13:19:55,231 - Satnums_logger - INFO - Ищем данные для диапазона дат:2005-12-12 - 2006-01-12, страна United States of America
2022-09-14 13:19:56,086 - Satnums_logger - INFO - Ничего не найдено =(
2022-09-14 13:20:19,866 - Satnums_logger - INFO - Ищем данные для диапазона дат:2005-12-12 - 2006-01-12, страна Japan
2022-09-14 13:20:20,630 - Satnums_logger - INFO - Ничего не найдено =(
2022-09-14 13:20:43,863 - Satnums_logger - INFO - Ищем данные для диапазона дат:2005-12-12 - 2006-01-12, страна Japan
2022-09-14 13:20:44,565 - Satnums_logger - INFO - Ничего не найдено =(
2022-09-14 13:21:50,923 - Satnums_logger - INFO - Ищем данные для диапазона дат:2005-12-12 - 2006-01-12, страна "Japan"
2022-09-14 13:21:51,662 - Satnums_logger - INFO - Данные найдены и выведены в интерфейс
2022-09-14 13:27:23,516 - Satnums_logger - INFO - Ищем данные для диапазона дат:2005-12-12 - 2006-01-12, страна "Japan"
2022-09-14 13:27:24,320 - Satnums_logger - INFO - Данные найдены и выведены в интерфейс
2022-09-14 14:20:18,161 - Satnums_logger - INFO - Ищем данные для диапазона дат:2005-12-12 - 2006-01-12, страна "Japan"
2022-09-14 14:20:18,844 - Satnums_logger - INFO - Данные найдены и выведены в интерфейс
2022-09-14 16:40:56,457 - Satnums_logger - INFO - Ищем данные для страны Japan
2022-09-14 16:42:59,790 - Satnums_logger - INFO - Ищем данные для страны "Japan"
2022-09-14 16:43:12,965 - Satnums_logger - INFO - Данные найдены и выведены в интерфейс
2022-09-14 16:45:23,210 - Satnums_logger - INFO - Ищем данные для страны "Austria"
2022-09-14 16:45:23,311 - Satnums_logger - INFO - Данные найдены и выведены в интерфейс
2022-09-15 13:21:43,012 - Satnums_logger - INFO - Ищем данные для страны "Austria"
2022-09-15 13:21:43,184 - Satnums_logger - INFO - Данные найдены и выведены в интерфейс
2022-09-15 13:21:52,071 - Satnums_logger - INFO - Ищем данные для страны "Austria"
2022-09-15 13:21:52,180 - Satnums_logger - INFO - Данные найдены и выведены в интерфейс
2022-09-15 13:24:18,134 - Satnums_logger - INFO - Ищем данные для страны "Austria"
2022-09-15 13:24:18,259 - Satnums_logger - INFO - Данные найдены и выведены в интерфейс
2022-09-15 13:24:33,302 - Satnums_logger - INFO - Ищем данные для страны "Austria"
2022-09-15 13:24:33,411 - Satnums_logger - INFO - Данные найдены и выведены в интерфейс
